mode: set
github.com/networkservicemesh/nsm-nse-app/cmd-nse-firewall-vpp-refactored/pkg/config/config.go:67.49,71.50 2 1
github.com/networkservicemesh/nsm-nse-app/cmd-nse-firewall-vpp-refactored/pkg/config/config.go:71.50,73.3 1 0
github.com/networkservicemesh/nsm-nse-app/cmd-nse-firewall-vpp-refactored/pkg/config/config.go:76.2,76.52 1 1
github.com/networkservicemesh/nsm-nse-app/cmd-nse-firewall-vpp-refactored/pkg/config/config.go:76.52,78.3 1 0
github.com/networkservicemesh/nsm-nse-app/cmd-nse-firewall-vpp-refactored/pkg/config/config.go:80.2,80.15 1 1
github.com/networkservicemesh/nsm-nse-app/cmd-nse-firewall-vpp-refactored/pkg/config/config.go:93.52,98.16 3 1
github.com/networkservicemesh/nsm-nse-app/cmd-nse-firewall-vpp-refactored/pkg/config/config.go:98.16,101.3 2 1
github.com/networkservicemesh/nsm-nse-app/cmd-nse-firewall-vpp-refactored/pkg/config/config.go:102.2,107.16 4 1
github.com/networkservicemesh/nsm-nse-app/cmd-nse-firewall-vpp-refactored/pkg/config/config.go:107.16,110.3 2 1
github.com/networkservicemesh/nsm-nse-app/cmd-nse-firewall-vpp-refactored/pkg/config/config.go:111.2,114.23 2 1
github.com/networkservicemesh/nsm-nse-app/cmd-nse-firewall-vpp-refactored/pkg/config/config.go:114.23,116.3 1 1
github.com/networkservicemesh/nsm-nse-app/cmd-nse-firewall-vpp-refactored/pkg/config/config.go:118.2,118.46 1 1
github.com/networkservicemesh/nsm-nse-app/cmd-nse-firewall-vpp-refactored/pkg/config/config.go:132.35,134.18 1 1
github.com/networkservicemesh/nsm-nse-app/cmd-nse-firewall-vpp-refactored/pkg/config/config.go:134.18,136.3 1 1
github.com/networkservicemesh/nsm-nse-app/cmd-nse-firewall-vpp-refactored/pkg/config/config.go:137.2,137.25 1 1
github.com/networkservicemesh/nsm-nse-app/cmd-nse-firewall-vpp-refactored/pkg/config/config.go:137.25,139.3 1 1
github.com/networkservicemesh/nsm-nse-app/cmd-nse-firewall-vpp-refactored/pkg/config/config.go:142.2,142.32 1 1
github.com/networkservicemesh/nsm-nse-app/cmd-nse-firewall-vpp-refactored/pkg/config/config.go:142.32,144.3 1 1
github.com/networkservicemesh/nsm-nse-app/cmd-nse-firewall-vpp-refactored/pkg/config/config.go:146.2,146.12 1 1
github.com/networkservicemesh/nsm-nse-app/cmd-nse-firewall-vpp-refactored/pkg/lifecycle/lifecycle.go:49.60,58.2 1 1
github.com/networkservicemesh/nsm-nse-app/cmd-nse-firewall-vpp-refactored/pkg/lifecycle/lifecycle.go:77.78,89.16 5 1
github.com/networkservicemesh/nsm-nse-app/cmd-nse-firewall-vpp-refactored/pkg/lifecycle/lifecycle.go:89.16,91.3 1 0
github.com/networkservicemesh/nsm-nse-app/cmd-nse-firewall-vpp-refactored/pkg/lifecycle/lifecycle.go:92.2,100.12 3 1
github.com/networkservicemesh/nsm-nse-app/cmd-nse-firewall-vpp-refactored/pkg/lifecycle/lifecycle.go:120.94,122.9 1 1
github.com/networkservicemesh/nsm-nse-app/cmd-nse-firewall-vpp-refactored/pkg/lifecycle/lifecycle.go:123.22,124.34 1 0
github.com/networkservicemesh/nsm-nse-app/cmd-nse-firewall-vpp-refactored/pkg/lifecycle/lifecycle.go:125.10,125.10 0 1
github.com/networkservicemesh/nsm-nse-app/cmd-nse-firewall-vpp-refactored/pkg/lifecycle/lifecycle.go:129.2,129.51 1 1
github.com/networkservicemesh/nsm-nse-app/cmd-nse-firewall-vpp-refactored/pkg/lifecycle/lifecycle.go:129.51,133.3 3 1
github.com/networkservicemesh/nsm-nse-app/cmd-nse-firewall-vpp-refactored/pkg/registry/registry.go:73.68,74.27 1 0
github.com/networkservicemesh/nsm-nse-app/cmd-nse-firewall-vpp-refactored/pkg/registry/registry.go:74.27,76.3 1 0
github.com/networkservicemesh/nsm-nse-app/cmd-nse-firewall-vpp-refactored/pkg/registry/registry.go:79.2,96.8 2 0
github.com/networkservicemesh/nsm-nse-app/cmd-nse-firewall-vpp-refactored/pkg/registry/registry.go:134.112,149.16 3 0
github.com/networkservicemesh/nsm-nse-app/cmd-nse-firewall-vpp-refactored/pkg/registry/registry.go:149.16,151.3 1 0
github.com/networkservicemesh/nsm-nse-app/cmd-nse-firewall-vpp-refactored/pkg/registry/registry.go:153.2,153.27 1 0
github.com/networkservicemesh/nsm-nse-app/cmd-nse-firewall-vpp-refactored/pkg/server/server.go:55.72,59.2 3 0
github.com/networkservicemesh/nsm-nse-app/cmd-nse-firewall-vpp-refactored/pkg/server/server.go:75.72,79.2 3 0
github.com/networkservicemesh/nsm-nse-app/cmd-nse-firewall-vpp-refactored/pkg/server/server.go:133.62,146.16 3 0
github.com/networkservicemesh/nsm-nse-app/cmd-nse-firewall-vpp-refactored/pkg/server/server.go:146.16,148.3 1 0
github.com/networkservicemesh/nsm-nse-app/cmd-nse-firewall-vpp-refactored/pkg/server/server.go:151.2,164.8 3 0
github.com/networkservicemesh/nsm-nse-app/cmd-nse-firewall-vpp-refactored/pkg/vpp/vpp.go:56.89,61.2 2 0
